{
  "stats": {
    "suites": 3,
    "tests": 10,
    "passes": 8,
    "pending": 0,
    "failures": 2,
    "start": "2021-10-13T12:33:07.020Z",
    "end": "2021-10-13T12:38:50.778Z",
    "duration": 343758,
    "testsRegistered": 10,
    "passPercent": 80,
    "pendingPercent": 0,
    "other": 0,
    "hasOther": false,
    "skipped": 0,
    "hasSkipped": false
  },
  "results": [
    {
      "uuid": "0b46fee8-1150-45f9-83ea-00410fceb469",
      "title": "",
      "fullFile": "cypress/integration/HomePageTests.spec.js",
      "file": "cypress/integration/HomePageTests.spec.js",
      "beforeHooks": [],
      "afterHooks": [],
      "tests": [],
      "suites": [
        {
          "uuid": "9ca3c15b-4998-4670-b72b-e4deb6dc4924",
          "title": "New User Registration",
          "fullFile": "",
          "file": "",
          "beforeHooks": [],
          "afterHooks": [],
          "tests": [
            {
              "title": "Customer Able to Register on Pomelo Website Successfuylly Using Email",
              "fullTitle": "New User Registration Customer Able to Register on Pomelo Website Successfuylly Using Email",
              "timedOut": null,
              "duration": 33242,
              "state": "passed",
              "speed": "slow",
              "pass": true,
              "fail": false,
              "pending": false,
              "context": null,
              "code": "_homepage.default.navigateToRegistrationForm();\n_registrationPage.default.isDefaultEmailSelected();\n_registrationPage.default.typeEmail(email);\n_registrationPage.default.typeFirstName(_PomeloBaseConstants.default.firstName);\n_registrationPage.default.typeLastName(_PomeloBaseConstants.default.lastName);\n_registrationPage.default.typePassWord(_PomeloBaseConstants.default.password);\n_registrationPage.default.clickToCreateAccount();\n_registrationPage.default.get_btnUserMenu().contains(_PomeloBaseConstants.default.welcomeMessage);\n_registrationPage.default.clikImageClose();\ncy.log(\"account created successfully\");",
              "err": {},
              "uuid": "b93aa9c0-4251-45fe-9b40-39e3332bbb15",
              "parentUUID": "9ca3c15b-4998-4670-b72b-e4deb6dc4924",
              "isHook": false,
              "skipped": false
            },
            {
              "title": "Customer Should get Error When trying to register with the exising email",
              "fullTitle": "New User Registration Customer Should get Error When trying to register with the exising email",
              "timedOut": null,
              "duration": 9407,
              "state": "passed",
              "speed": "slow",
              "pass": true,
              "fail": false,
              "pending": false,
              "context": null,
              "code": "_homepage.default.navigateToRegistrationForm();\n_registrationPage.default.isDefaultEmailSelected();\n_registrationPage.default.typeEmail(_PomeloBaseConstants.default.existingemail);\n_registrationPage.default.typeFirstName(_PomeloBaseConstants.default.firstName);\n_registrationPage.default.typeLastName(_PomeloBaseConstants.default.lastName);\n_registrationPage.default.typePassWord(_PomeloBaseConstants.default.password);\n_registrationPage.default.clickToCreateAccount();\n_registrationPage.default.displayError_EmailAddressAlreadyUsed();\ncy.log(\"Error Showed successfully\");",
              "err": {},
              "uuid": "0473e83d-c53b-4536-85d5-2b050af022c5",
              "parentUUID": "9ca3c15b-4998-4670-b72b-e4deb6dc4924",
              "isHook": false,
              "skipped": false
            }
          ],
          "suites": [],
          "passes": [
            "b93aa9c0-4251-45fe-9b40-39e3332bbb15",
            "0473e83d-c53b-4536-85d5-2b050af022c5"
          ],
          "failures": [],
          "pending": [],
          "skipped": [],
          "duration": 42649,
          "root": false,
          "rootEmpty": false,
          "_timeout": 2000
        },
        {
          "uuid": "141a77d4-cf6f-4a52-ae68-1013e0dcc57f",
          "title": " Non LogedIn User: Add Items to the Shopiing Bag",
          "fullFile": "",
          "file": "",
          "beforeHooks": [],
          "afterHooks": [],
          "tests": [
            {
              "title": "Non Logged In customer can able to add Itesms to the Cart",
              "fullTitle": " Non LogedIn User: Add Items to the Shopiing Bag Non Logged In customer can able to add Itesms to the Cart",
              "timedOut": null,
              "duration": 30460,
              "state": "passed",
              "speed": "slow",
              "pass": true,
              "fail": false,
              "pending": false,
              "context": null,
              "code": "cy.wait(10000);\n_homepage.default.clickshop();\n_shoptabpage.default.click_allClothings();\nconsole.log(cy.url());\ncy.url().should('include', 'clothes/clothes');\n_searchItemsPage.default.AddItemToBagBySize(\"S\");\n_myshopingbagpage.default.click_viewMyShopingBag(); // remove all cart Items\n\n_myshopingbagpage.default.click_removeItemsFromCart();\n_homepage.default.isEmptyShoppingCartImageExists();",
              "err": {},
              "uuid": "45bf9e0e-2700-46fb-9921-970b96c4d5d4",
              "parentUUID": "141a77d4-cf6f-4a52-ae68-1013e0dcc57f",
              "isHook": false,
              "skipped": false
            },
            {
              "title": "Non Logged In customer can able modify the Quantity In the Cart",
              "fullTitle": " Non LogedIn User: Add Items to the Shopiing Bag Non Logged In customer can able modify the Quantity In the Cart",
              "timedOut": null,
              "duration": 26528,
              "state": "passed",
              "speed": "slow",
              "pass": true,
              "fail": false,
              "pending": false,
              "context": null,
              "code": "cy.wait(10000);\n_homepage.default.clickshop();\n_shoptabpage.default.click_allClothings();\n_searchItemsPage.default.AddItemToBagBySize(\"S\");\n_myshopingbagpage.default.click_viewMyShopingBag();\n_myshopingbagpage.default.click_quantityAndSelect(\"2\"); // cleanup items from the cart\n\n_myshopingbagpage.default.click_removeItemsFromCart();\n_homepage.default.isEmptyShoppingCartImageExists();",
              "err": {},
              "uuid": "d0a0edab-dd8f-4651-80b4-97a5827bc631",
              "parentUUID": "141a77d4-cf6f-4a52-ae68-1013e0dcc57f",
              "isHook": false,
              "skipped": false
            },
            {
              "title": "Non Logged In customer can able modify the Size In the Cart",
              "fullTitle": " Non LogedIn User: Add Items to the Shopiing Bag Non Logged In customer can able modify the Size In the Cart",
              "timedOut": null,
              "duration": 29757,
              "state": "passed",
              "speed": "slow",
              "pass": true,
              "fail": false,
              "pending": false,
              "context": null,
              "code": "cy.wait(10000);\n_homepage.default.clickshop();\n_shoptabpage.default.click_allClothings();\n_searchItemsPage.default.AddItemToBagBySize(\"S\");\n_myshopingbagpage.default.click_viewMyShopingBag();\n_myshopingbagpage.default.click_sizeAndSelect(\"M\"); // cleanup items from the cart\n\n_myshopingbagpage.default.click_removeItemsFromCart();\n_homepage.default.isEmptyShoppingCartImageExists();",
              "err": {},
              "uuid": "09c6bccd-b265-45ae-b608-24d5e1050797",
              "parentUUID": "141a77d4-cf6f-4a52-ae68-1013e0dcc57f",
              "isHook": false,
              "skipped": false
            },
            {
              "title": "Should Show Error when apply wrong Promocode",
              "fullTitle": " Non LogedIn User: Add Items to the Shopiing Bag Should Show Error when apply wrong Promocode",
              "timedOut": null,
              "duration": 25729,
              "state": "passed",
              "speed": "slow",
              "pass": true,
              "fail": false,
              "pending": false,
              "context": null,
              "code": "_homepage.default.clickshop();\ncy.wait(10000);\n_shoptabpage.default.click_allClothings();\n_searchItemsPage.default.AddItemToBagBySize(\"S\");\n_myshopingbagpage.default.click_viewMyShopingBag();\n_myshopingbagpage.default.typePromeCode();\n_myshopingbagpage.default.click_apply();\n_myshopingbagpage.default.verifyPromoError(); //// cleanup items from the cart\n\n_myshopingbagpage.default.click_removeItemsFromCart();\n_homepage.default.isEmptyShoppingCartImageExists();",
              "err": {},
              "uuid": "ac4fb49f-64f4-455c-ade1-04ef9f359398",
              "parentUUID": "141a77d4-cf6f-4a52-ae68-1013e0dcc57f",
              "isHook": false,
              "skipped": false
            },
            {
              "title": "Should able to remove items in the shoping Bag",
              "fullTitle": " Non LogedIn User: Add Items to the Shopiing Bag Should able to remove items in the shoping Bag",
              "timedOut": null,
              "duration": 22579,
              "state": "passed",
              "speed": "slow",
              "pass": true,
              "fail": false,
              "pending": false,
              "context": null,
              "code": "_homepage.default.clickshop();\ncy.wait(10000);\n_shoptabpage.default.click_allClothings();\n_searchItemsPage.default.AddItemToBagBySize(\"S\");\n_myshopingbagpage.default.click_viewMyShopingBag();\ncy.get('.cart-remove').click();\n_homepage.default.isEmptyShoppingCartImageExists();",
              "err": {},
              "uuid": "e45d5138-ee14-4cd5-8355-2ca24225cc58",
              "parentUUID": "141a77d4-cf6f-4a52-ae68-1013e0dcc57f",
              "isHook": false,
              "skipped": false
            },
            {
              "title": "Non Logged In Customer Should get the option to login or signup after checkout",
              "fullTitle": " Non LogedIn User: Add Items to the Shopiing Bag Non Logged In Customer Should get the option to login or signup after checkout",
              "timedOut": null,
              "duration": 12895,
              "state": "passed",
              "speed": "slow",
              "pass": true,
              "fail": false,
              "pending": false,
              "context": null,
              "code": "_homepage.default.clickshop();\n_shoptabpage.default.click_productOfShopTab(_shoptabLoc.default.dresses);\nconsole.log(cy.url()); // cy.verifyUrlText('/clothes/dresses') --> Currently have issue with the latest cypress to use custom command in spec files\ncy.url().should('include', '/clothes/dresses');\n_searchItemsPage.default.AddItemToBagBySize(\"S\");\n_myshopingbagpage.default.click_viewMyShopingBag();\n_myshopingbagpage.default.click_proceedToCheckout();\n/* The following will make sure the user got the required options to login  */\n\n_loginpage.default.getTxt_email().should('be.visible');\n_loginpage.default.getTxt_password().should('be.visible');\n_loginpage.default.getBtn_login().should('be.visible');\n_loginpage.default.getBtn_signup().should('be.visible');",
              "err": {},
              "uuid": "71dedba2-44b7-458e-b6e5-783b86094dc4",
              "parentUUID": "141a77d4-cf6f-4a52-ae68-1013e0dcc57f",
              "isHook": false,
              "skipped": false
            }
          ],
          "suites": [],
          "passes": [
            "45bf9e0e-2700-46fb-9921-970b96c4d5d4",
            "d0a0edab-dd8f-4651-80b4-97a5827bc631",
            "09c6bccd-b265-45ae-b608-24d5e1050797",
            "ac4fb49f-64f4-455c-ade1-04ef9f359398",
            "e45d5138-ee14-4cd5-8355-2ca24225cc58",
            "71dedba2-44b7-458e-b6e5-783b86094dc4"
          ],
          "failures": [],
          "pending": [],
          "skipped": [],
          "duration": 147948,
          "root": false,
          "rootEmpty": false,
          "_timeout": 2000
        },
        {
          "uuid": "911198ef-0a69-400b-9bce-58e7f6948f3a",
          "title": "Shoping Bag Tests With LoggedIn User ",
          "fullFile": "",
          "file": "",
          "beforeHooks": [],
          "afterHooks": [],
          "tests": [
            {
              "title": "Navigate to shopiing cart page",
              "fullTitle": "Shoping Bag Tests With LoggedIn User  Navigate to shopiing cart page",
              "timedOut": null,
              "duration": 9477,
              "state": "failed",
              "speed": null,
              "pass": false,
              "fail": true,
              "pending": false,
              "context": null,
              "code": "_homepage.default.navigateToShoppingCart();\n_homepage.default.isEmptyShoppingCartImageExists();",
              "err": {
                "message": "AssertionError: Timed out retrying after 5000ms: Expected to find element: `.empty-cart`, but never found it.",
                "estack": "AssertionError: Timed out retrying after 5000ms: Expected to find element: `.empty-cart`, but never found it.\n    at Object.isEmptyShoppingCartImageExists (https://www.pomelofashion.com/__cypress/tests?p=cypress\\integration\\HomePageTests.spec.js:136:39)\n    at Context.eval (https://www.pomelofashion.com/__cypress/tests?p=cypress\\integration\\HomePageTests.spec.js:725:23)",
                "diff": null
              },
              "uuid": "01d7e112-ee67-44f7-8b02-4f7d27f3e829",
              "parentUUID": "911198ef-0a69-400b-9bce-58e7f6948f3a",
              "isHook": false,
              "skipped": false
            },
            {
              "title": "LoggedIn User can able to add Items to shopping Bag, modify Size and Quantity",
              "fullTitle": "Shoping Bag Tests With LoggedIn User  LoggedIn User can able to add Items to shopping Bag, modify Size and Quantity",
              "timedOut": null,
              "duration": 36910,
              "state": "failed",
              "speed": null,
              "pass": false,
              "fail": true,
              "pending": false,
              "context": null,
              "code": "_homepage.default.navigateToLoginPage();\n_loginpage.default.typeEmail(_PomeloBaseConstants.default.existingemail);\n_loginpage.default.typePassword(_PomeloBaseConstants.default.password);\n_loginpage.default.click_login();\n_registrationPage.default.get_btnUserMenu().contains(_PomeloBaseConstants.default.welcomeMessage);\n_homepage.default.clickshop();\n_shoptabpage.default.click_allClothings();\nconsole.log(cy.url());\ncy.url().should('include', 'clothes/clothes');\n_searchItemsPage.default.AddItemToBagBySize(\"M\");\n_myshopingbagpage.default.click_viewMyShopingBag();\ncy.pause();\n_myshopingbagpage.default.click_sizeAndSelect(\"L\"); // can able to modify the items in the cart\n\n_myshopingbagpage.default.click_quantityAndSelect(\"2\"); // can able to modify the count of the items\n\n_homepage.default.isEmptyShoppingCartImageExists();",
              "err": {
                "message": "AssertionError: Timed out retrying after 5000ms: Expected to find element: `.empty-cart`, but never found it.",
                "estack": "AssertionError: Timed out retrying after 5000ms: Expected to find element: `.empty-cart`, but never found it.\n    at Object.isEmptyShoppingCartImageExists (https://www.pomelofashion.com/__cypress/tests?p=cypress\\integration\\HomePageTests.spec.js:136:39)\n    at Context.eval (https://www.pomelofashion.com/__cypress/tests?p=cypress\\integration\\HomePageTests.spec.js:757:23)",
                "diff": null
              },
              "uuid": "0d247da6-3874-4696-8540-e3528d6d68e1",
              "parentUUID": "911198ef-0a69-400b-9bce-58e7f6948f3a",
              "isHook": false,
              "skipped": false
            }
          ],
          "suites": [],
          "passes": [],
          "failures": [
            "01d7e112-ee67-44f7-8b02-4f7d27f3e829",
            "0d247da6-3874-4696-8540-e3528d6d68e1"
          ],
          "pending": [],
          "skipped": [],
          "duration": 46387,
          "root": false,
          "rootEmpty": false,
          "_timeout": 2000
        }
      ],
      "passes": [],
      "failures": [],
      "pending": [],
      "skipped": [],
      "duration": 0,
      "root": true,
      "rootEmpty": true,
      "_timeout": 2000
    }
  ],
  "meta": {
    "mocha": {
      "version": "7.0.1"
    },
    "mochawesome": {
      "options": {
        "quiet": false,
        "reportFilename": "mochawesome",
        "saveHtml": true,
        "saveJson": true,
        "consoleReporter": "spec",
        "useInlineDiffs": false,
        "code": true
      },
      "version": "6.3.1"
    },
    "marge": {
      "options": {
        "id": "default"
      },
      "version": "5.2.0"
    }
  }
}