{
  "stats": {
    "suites": 3,
    "tests": 10,
    "passes": 8,
    "pending": 0,
    "failures": 2,
    "start": "2021-10-13T13:04:38.705Z",
    "end": "2021-10-13T13:10:02.077Z",
    "duration": 323372,
    "testsRegistered": 10,
    "passPercent": 80,
    "pendingPercent": 0,
    "other": 0,
    "hasOther": false,
    "skipped": 0,
    "hasSkipped": false
  },
  "results": [
    {
      "uuid": "1f1a325f-a174-4409-8ebc-b1eb34b10f65",
      "title": "",
      "fullFile": "cypress/integration/HomePageTests.spec.js",
      "file": "cypress/integration/HomePageTests.spec.js",
      "beforeHooks": [],
      "afterHooks": [],
      "tests": [],
      "suites": [
        {
          "uuid": "ec81344b-9fd3-45b6-90d7-829c6d10a02b",
          "title": "New User Registration",
          "fullFile": "",
          "file": "",
          "beforeHooks": [],
          "afterHooks": [],
          "tests": [
            {
              "title": "Customer Able to Register on Pomelo Website Successfuylly Using Email",
              "fullTitle": "New User Registration Customer Able to Register on Pomelo Website Successfuylly Using Email",
              "timedOut": null,
              "duration": 24392,
              "state": "passed",
              "speed": "slow",
              "pass": true,
              "fail": false,
              "pending": false,
              "context": null,
              "code": "_homepage.default.navigateToRegistrationForm();\n_registrationPage.default.isDefaultEmailSelected();\n_registrationPage.default.typeEmail(email);\n_registrationPage.default.typeFirstName(_PomeloBaseConstants.default.firstName);\n_registrationPage.default.typeLastName(_PomeloBaseConstants.default.lastName);\n_registrationPage.default.typePassWord(_PomeloBaseConstants.default.password);\n_registrationPage.default.clickToCreateAccount();\n_registrationPage.default.get_btnUserMenu().contains(_PomeloBaseConstants.default.welcomeMessage);\n_registrationPage.default.clikImageClose();\ncy.log(\"account created successfully\");",
              "err": {},
              "uuid": "f7f2c93b-7e3a-4c90-99d6-7dca94b04ff6",
              "parentUUID": "ec81344b-9fd3-45b6-90d7-829c6d10a02b",
              "isHook": false,
              "skipped": false
            },
            {
              "title": "Customer Should get Error When trying to register with the exising email",
              "fullTitle": "New User Registration Customer Should get Error When trying to register with the exising email",
              "timedOut": null,
              "duration": 8685,
              "state": "passed",
              "speed": "slow",
              "pass": true,
              "fail": false,
              "pending": false,
              "context": null,
              "code": "_homepage.default.navigateToRegistrationForm();\n_registrationPage.default.isDefaultEmailSelected();\n_registrationPage.default.typeEmail(_PomeloBaseConstants.default.existingemail);\n_registrationPage.default.typeFirstName(_PomeloBaseConstants.default.firstName);\n_registrationPage.default.typeLastName(_PomeloBaseConstants.default.lastName);\n_registrationPage.default.typePassWord(_PomeloBaseConstants.default.password);\n_registrationPage.default.clickToCreateAccount();\n_registrationPage.default.displayError_EmailAddressAlreadyUsed();\ncy.log(\"Error Showed successfully\");",
              "err": {},
              "uuid": "e654a3c3-1835-47e1-8edd-e1497e01c817",
              "parentUUID": "ec81344b-9fd3-45b6-90d7-829c6d10a02b",
              "isHook": false,
              "skipped": false
            }
          ],
          "suites": [],
          "passes": [
            "f7f2c93b-7e3a-4c90-99d6-7dca94b04ff6",
            "e654a3c3-1835-47e1-8edd-e1497e01c817"
          ],
          "failures": [],
          "pending": [],
          "skipped": [],
          "duration": 33077,
          "root": false,
          "rootEmpty": false,
          "_timeout": 2000
        },
        {
          "uuid": "dc54e8c7-46cf-427b-afb4-a62d0022f4b6",
          "title": " Non LogedIn User: Add Items to the Shopiing Bag",
          "fullFile": "",
          "file": "",
          "beforeHooks": [],
          "afterHooks": [],
          "tests": [
            {
              "title": "Non Logged In customer can able to add Itesms to the Cart",
              "fullTitle": " Non LogedIn User: Add Items to the Shopiing Bag Non Logged In customer can able to add Itesms to the Cart",
              "timedOut": null,
              "duration": 24261,
              "state": "passed",
              "speed": "slow",
              "pass": true,
              "fail": false,
              "pending": false,
              "context": null,
              "code": "cy.wait(10000);\n_homepage.default.clickshop();\n_shoptabpage.default.click_allClothings();\nconsole.log(cy.url());\ncy.url().should('include', 'clothes/clothes');\n_searchItemsPage.default.AddItemToBagBySize(\"S\");\n_myshopingbagpage.default.click_viewMyShopingBag(); // remove all cart Items\n\n_myshopingbagpage.default.click_removeItemsFromCart();\n_homepage.default.isEmptyShoppingCartImageExists();",
              "err": {},
              "uuid": "ef66b963-dca4-48dc-8905-86b7c715d2d2",
              "parentUUID": "dc54e8c7-46cf-427b-afb4-a62d0022f4b6",
              "isHook": false,
              "skipped": false
            },
            {
              "title": "Non Logged In customer can able modify the Quantity In the Cart",
              "fullTitle": " Non LogedIn User: Add Items to the Shopiing Bag Non Logged In customer can able modify the Quantity In the Cart",
              "timedOut": null,
              "duration": 26428,
              "state": "passed",
              "speed": "slow",
              "pass": true,
              "fail": false,
              "pending": false,
              "context": null,
              "code": "cy.wait(10000);\n_homepage.default.clickshop();\n_shoptabpage.default.click_allClothings();\n_searchItemsPage.default.AddItemToBagBySize(\"S\");\n_myshopingbagpage.default.click_viewMyShopingBag();\n_myshopingbagpage.default.click_quantityAndSelect(\"2\"); // cleanup items from the cart\n\n_myshopingbagpage.default.click_removeItemsFromCart();\n_homepage.default.isEmptyShoppingCartImageExists();",
              "err": {},
              "uuid": "9620a1b2-4ebc-4091-ad31-a2cf605c22c7",
              "parentUUID": "dc54e8c7-46cf-427b-afb4-a62d0022f4b6",
              "isHook": false,
              "skipped": false
            },
            {
              "title": "Non Logged In customer can able modify the Size In the Cart",
              "fullTitle": " Non LogedIn User: Add Items to the Shopiing Bag Non Logged In customer can able modify the Size In the Cart",
              "timedOut": null,
              "duration": 26015,
              "state": "passed",
              "speed": "slow",
              "pass": true,
              "fail": false,
              "pending": false,
              "context": null,
              "code": "cy.wait(10000);\n_homepage.default.clickshop();\n_shoptabpage.default.click_allClothings();\n_searchItemsPage.default.AddItemToBagBySize(\"S\");\n_myshopingbagpage.default.click_viewMyShopingBag();\n_myshopingbagpage.default.click_sizeAndSelect(\"M\"); // cleanup items from the cart\n\n_myshopingbagpage.default.click_removeItemsFromCart();\n_homepage.default.isEmptyShoppingCartImageExists();",
              "err": {},
              "uuid": "82a45f68-c890-4ad8-b865-abb18c47f41a",
              "parentUUID": "dc54e8c7-46cf-427b-afb4-a62d0022f4b6",
              "isHook": false,
              "skipped": false
            },
            {
              "title": "Should Show Error when apply wrong Promocode",
              "fullTitle": " Non LogedIn User: Add Items to the Shopiing Bag Should Show Error when apply wrong Promocode",
              "timedOut": null,
              "duration": 23428,
              "state": "passed",
              "speed": "slow",
              "pass": true,
              "fail": false,
              "pending": false,
              "context": null,
              "code": "_homepage.default.clickshop();\ncy.wait(10000);\n_shoptabpage.default.click_allClothings();\n_searchItemsPage.default.AddItemToBagBySize(\"S\");\n_myshopingbagpage.default.click_viewMyShopingBag();\n_myshopingbagpage.default.typePromeCode();\n_myshopingbagpage.default.click_apply();\n_myshopingbagpage.default.verifyPromoError(); //// cleanup items from the cart\n\n_myshopingbagpage.default.click_removeItemsFromCart();\n_homepage.default.isEmptyShoppingCartImageExists();",
              "err": {},
              "uuid": "49745250-94e5-4d41-9fb1-b27dc0e058ee",
              "parentUUID": "dc54e8c7-46cf-427b-afb4-a62d0022f4b6",
              "isHook": false,
              "skipped": false
            },
            {
              "title": "Should able to remove items in the shoping Bag",
              "fullTitle": " Non LogedIn User: Add Items to the Shopiing Bag Should able to remove items in the shoping Bag",
              "timedOut": null,
              "duration": 24321,
              "state": "passed",
              "speed": "slow",
              "pass": true,
              "fail": false,
              "pending": false,
              "context": null,
              "code": "_homepage.default.clickshop();\ncy.wait(10000);\n_shoptabpage.default.click_allClothings();\n_searchItemsPage.default.AddItemToBagBySize(\"S\");\n_myshopingbagpage.default.click_viewMyShopingBag();\ncy.get('.cart-remove').click();\n_homepage.default.isEmptyShoppingCartImageExists();",
              "err": {},
              "uuid": "3dd6a0da-38c8-4663-a2cc-493024a8a7f5",
              "parentUUID": "dc54e8c7-46cf-427b-afb4-a62d0022f4b6",
              "isHook": false,
              "skipped": false
            },
            {
              "title": "Non Logged In Customer Should get the option to login or signup after checkout",
              "fullTitle": " Non LogedIn User: Add Items to the Shopiing Bag Non Logged In Customer Should get the option to login or signup after checkout",
              "timedOut": null,
              "duration": 13549,
              "state": "passed",
              "speed": "slow",
              "pass": true,
              "fail": false,
              "pending": false,
              "context": null,
              "code": "_homepage.default.clickshop();\n_shoptabpage.default.click_productOfShopTab(_shoptabLoc.default.dresses);\nconsole.log(cy.url()); // cy.verifyUrlText('/clothes/dresses') --> Currently have issue with the latest cypress to use custom command in spec files\ncy.url().should('include', '/clothes/dresses');\n_searchItemsPage.default.AddItemToBagBySize(\"S\");\n_myshopingbagpage.default.click_viewMyShopingBag();\n_myshopingbagpage.default.click_proceedToCheckout();\n/* The following will make sure the user got the required options to login  */\n\n_loginpage.default.getTxt_email().should('be.visible');\n_loginpage.default.getTxt_password().should('be.visible');\n_loginpage.default.getBtn_login().should('be.visible');\n_loginpage.default.getBtn_signup().should('be.visible');",
              "err": {},
              "uuid": "8f6c5a1e-8815-4abb-8712-cd24cc2dd0b1",
              "parentUUID": "dc54e8c7-46cf-427b-afb4-a62d0022f4b6",
              "isHook": false,
              "skipped": false
            }
          ],
          "suites": [],
          "passes": [
            "ef66b963-dca4-48dc-8905-86b7c715d2d2",
            "9620a1b2-4ebc-4091-ad31-a2cf605c22c7",
            "82a45f68-c890-4ad8-b865-abb18c47f41a",
            "49745250-94e5-4d41-9fb1-b27dc0e058ee",
            "3dd6a0da-38c8-4663-a2cc-493024a8a7f5",
            "8f6c5a1e-8815-4abb-8712-cd24cc2dd0b1"
          ],
          "failures": [],
          "pending": [],
          "skipped": [],
          "duration": 138002,
          "root": false,
          "rootEmpty": false,
          "_timeout": 2000
        },
        {
          "uuid": "0fd0a641-0094-4e01-b182-c056a1127739",
          "title": "Shoping Bag Tests With LoggedIn User ",
          "fullFile": "",
          "file": "",
          "beforeHooks": [],
          "afterHooks": [],
          "tests": [
            {
              "title": "Navigate to shopiing cart page",
              "fullTitle": "Shoping Bag Tests With LoggedIn User  Navigate to shopiing cart page",
              "timedOut": null,
              "duration": 10409,
              "state": "failed",
              "speed": null,
              "pass": false,
              "fail": true,
              "pending": false,
              "context": null,
              "code": "_homepage.default.navigateToShoppingCart();\n_homepage.default.isEmptyShoppingCartImageExists();",
              "err": {
                "message": "AssertionError: Timed out retrying after 5000ms: Expected to find element: `.empty-cart`, but never found it.",
                "estack": "AssertionError: Timed out retrying after 5000ms: Expected to find element: `.empty-cart`, but never found it.\n    at Object.isEmptyShoppingCartImageExists (https://www.pomelofashion.com/__cypress/tests?p=cypress\\integration\\HomePageTests.spec.js:136:39)\n    at Context.eval (https://www.pomelofashion.com/__cypress/tests?p=cypress\\integration\\HomePageTests.spec.js:725:23)",
                "diff": null
              },
              "uuid": "c7bee68f-7d2b-476d-8a16-a43f216f1995",
              "parentUUID": "0fd0a641-0094-4e01-b182-c056a1127739",
              "isHook": false,
              "skipped": false
            },
            {
              "title": "LoggedIn User can able to add Items to shopping Bag, modify Size and Quantity",
              "fullTitle": "Shoping Bag Tests With LoggedIn User  LoggedIn User can able to add Items to shopping Bag, modify Size and Quantity",
              "timedOut": null,
              "duration": 37101,
              "state": "failed",
              "speed": null,
              "pass": false,
              "fail": true,
              "pending": false,
              "context": null,
              "code": "_homepage.default.navigateToLoginPage();\n_loginpage.default.typeEmail(_PomeloBaseConstants.default.existingemail);\n_loginpage.default.typePassword(_PomeloBaseConstants.default.password);\n_loginpage.default.click_login();\n_registrationPage.default.get_btnUserMenu().contains(_PomeloBaseConstants.default.welcomeMessage);\n_homepage.default.clickshop();\n_shoptabpage.default.click_allClothings();\nconsole.log(cy.url());\ncy.url().should('include', 'clothes/clothes');\n_searchItemsPage.default.AddItemToBagBySize(\"M\");\n_myshopingbagpage.default.click_viewMyShopingBag();\ncy.pause();\n_myshopingbagpage.default.click_sizeAndSelect(\"L\"); // can able to modify the items in the cart\n\n_myshopingbagpage.default.click_quantityAndSelect(\"2\"); // can able to modify the count of the items\n\n_homepage.default.isEmptyShoppingCartImageExists();",
              "err": {
                "message": "AssertionError: Timed out retrying after 5000ms: Expected to find element: `.empty-cart`, but never found it.",
                "estack": "AssertionError: Timed out retrying after 5000ms: Expected to find element: `.empty-cart`, but never found it.\n    at Object.isEmptyShoppingCartImageExists (https://www.pomelofashion.com/__cypress/tests?p=cypress\\integration\\HomePageTests.spec.js:136:39)\n    at Context.eval (https://www.pomelofashion.com/__cypress/tests?p=cypress\\integration\\HomePageTests.spec.js:757:23)",
                "diff": null
              },
              "uuid": "bb0ff77d-b383-4491-8819-3f73f5ef5f9e",
              "parentUUID": "0fd0a641-0094-4e01-b182-c056a1127739",
              "isHook": false,
              "skipped": false
            }
          ],
          "suites": [],
          "passes": [],
          "failures": [
            "c7bee68f-7d2b-476d-8a16-a43f216f1995",
            "bb0ff77d-b383-4491-8819-3f73f5ef5f9e"
          ],
          "pending": [],
          "skipped": [],
          "duration": 47510,
          "root": false,
          "rootEmpty": false,
          "_timeout": 2000
        }
      ],
      "passes": [],
      "failures": [],
      "pending": [],
      "skipped": [],
      "duration": 0,
      "root": true,
      "rootEmpty": true,
      "_timeout": 2000
    }
  ],
  "meta": {
    "mocha": {
      "version": "7.0.1"
    },
    "mochawesome": {
      "options": {
        "quiet": false,
        "reportFilename": "mochawesome",
        "saveHtml": true,
        "saveJson": true,
        "consoleReporter": "spec",
        "useInlineDiffs": false,
        "code": true
      },
      "version": "6.3.1"
    },
    "marge": {
      "options": {
        "id": "default"
      },
      "version": "5.2.0"
    }
  }
}